  [4;36;1mSQL (0.3ms)[0m   [0;1m SELECT name
 FROM sqlite_master
 WHERE type = 'table' AND NOT name = 'sqlite_sequence'
[0m
  [4;35;1mSQL (0.2ms)[0m   [0mselect sqlite_version(*)[0m
  [4;36;1mSQL (2.1ms)[0m   [0;1mCREATE TABLE "schema_migrations" ("version" varchar(255) NOT NULL) [0m
  [4;35;1mSQL (2.1ms)[0m   [0mCREATE UNIQUE INDEX "unique_schema_migrations" ON "schema_migrations" ("version")[0m
  [4;36;1mSQL (0.3ms)[0m   [0;1m SELECT name
 FROM sqlite_master
 WHERE type = 'table' AND NOT name = 'sqlite_sequence'
[0m
  [4;35;1mSQL (0.1ms)[0m   [0mSELECT version FROM schema_migrations[0m
Migrating to CreatePapersLaidOnTable (20100724125605)
  [4;36;1mSQL (0.3ms)[0m   [0;1m SELECT name
 FROM sqlite_master
 WHERE type = 'table' AND NOT name = 'sqlite_sequence'
[0m
  [4;35;1mSQL (0.4ms)[0m   [0mCREATE TABLE "papers" ("id" INTEGER PRIMARY KEY AUTOINCREMENT NOT NULL, "text" varchar(255), "submitted_by" varchar(255), "submitted_on" date, "created_at" datetime, "updated_at" datetime) [0m
  [4;36;1mSQL (0.1ms)[0m   [0;1mINSERT INTO schema_migrations (version) VALUES ('20100724125605')[0m
  [4;35;1mSQL (0.4ms)[0m   [0m SELECT name
 FROM sqlite_master
 WHERE type = 'table' AND NOT name = 'sqlite_sequence'
[0m
  [4;36;1mSQL (0.2ms)[0m   [0;1mSELECT version FROM schema_migrations[0m
  [4;35;1mSQL (0.3ms)[0m   [0m SELECT name
 FROM sqlite_master
 WHERE type = 'table' AND NOT name = 'sqlite_sequence'
[0m
  [4;36;1mSQL (0.1ms)[0m   [0;1mPRAGMA index_list("papers")[0m


Processing DataEntryController#index (for 127.0.0.1 at 2010-07-24 18:44:01) [GET]

ActionView::MissingTemplate (Missing template data_entry/index.erb in view path app/views):
  

Rendering rescues/layout (internal_server_error)


Processing DataEntryController#index (for 127.0.0.1 at 2010-07-24 18:47:00) [GET]
Rendering template within layouts/application
Rendering data_entry/index
ERROR: compiling _run_haml_app47views47data_entry47index46html46haml RAISED compile error
/Users/sureshharikrishnan/works/HackDay/2010/india-debates/app/views/data_entry/index.html.haml:8: syntax error, unexpected kENSURE, expecting kEND
}\n";end;_erbout;ensure;@haml_buffer = @haml_buffer.upper;end;
                       ^
/Users/sureshharikrishnan/works/HackDay/2010/india-debates/app/views/data_entry/index.html.haml:11: syntax error, unexpected $end, expecting kEND
Function body:           def _run_haml_app47views47data_entry47index46html46haml(local_assigns)
            old_output_buffer = output_buffer;;begin;extend Haml::Helpers;_hamlout = @haml_buffer = Haml::Buffer.new(@haml_buffer, {:autoclose=>["meta", "img", "link", "br", "hr", "input", "area", "param", "col", "base"], :ugly=>:true, :format=>:xhtml, :encoding=>nil, :escape_html=>false, :preserve=>["textarea", "pre", "code"], :attr_wrapper=>"'"});_erbout = _hamlout.buffer;__in_erb_template = true;; top do;

_hamlout.buffer << "<div class='heading'>\n<h1>#{title "Data entry page"
}</h1>\n";
_hamlout.buffer << "</div>\n";end; center :class => :panel do;
 content_for :script do;
_hamlout.buffer << "#{ javascript_include_tag "ui/clients"
}\n";end;_erbout;ensure;@haml_buffer = @haml_buffer.upper;end;
          ensure
            self.output_buffer = old_output_buffer
          end
Backtrace: /Users/sureshharikrishnan/works/HackDay/2010/india-debates/app/views/data_entry/index.html.haml:11:in `compile!'
/Library/Ruby/Gems/1.8/gems/actionpack-2.3.5/lib/action_view/renderable.rb:61:in `compile'
/Library/Ruby/Gems/1.8/gems/actionpack-2.3.5/lib/action_view/renderable.rb:28:in `render'
/Library/Ruby/Gems/1.8/gems/actionpack-2.3.5/lib/action_view/template.rb:205:in `render_template'
/Library/Ruby/Gems/1.8/gems/actionpack-2.3.5/lib/action_view/base.rb:265:in `render_without_haml'
/Library/Ruby/Gems/1.8/gems/haml-2.2.17/lib/haml/helpers/action_view_mods.rb:13:in `render'
/Library/Ruby/Gems/1.8/gems/actionpack-2.3.5/lib/action_view/base.rb:348:in `_render_with_layout'
/Library/Ruby/Gems/1.8/gems/actionpack-2.3.5/lib/action_view/base.rb:262:in `render_without_haml'
/Library/Ruby/Gems/1.8/gems/haml-2.2.17/lib/haml/helpers/action_view_mods.rb:13:in `render'
/Library/Ruby/Gems/1.8/gems/actionpack-2.3.5/lib/action_controller/base.rb:1250:in `render_for_file'
/Library/Ruby/Gems/1.8/gems/actionpack-2.3.5/lib/action_controller/base.rb:945:in `render_without_benchmark'
/Library/Ruby/Gems/1.8/gems/actionpack-2.3.5/lib/action_controller/benchmarking.rb:51:in `render'
/Library/Ruby/Gems/1.8/gems/activesupport-2.3.5/lib/active_support/core_ext/benchmark.rb:17:in `ms'
/System/Library/Frameworks/Ruby.framework/Versions/1.8/usr/lib/ruby/1.8/benchmark.rb:308:in `realtime'
/Library/Ruby/Gems/1.8/gems/activesupport-2.3.5/lib/active_support/core_ext/benchmark.rb:17:in `ms'
/Library/Ruby/Gems/1.8/gems/actionpack-2.3.5/lib/action_controller/benchmarking.rb:51:in `render'
/Library/Ruby/Gems/1.8/gems/actionpack-2.3.5/lib/action_controller/base.rb:1326:in `default_render'
/Library/Ruby/Gems/1.8/gems/actionpack-2.3.5/lib/action_controller/base.rb:1332:in `perform_action_without_filters'
/Library/Ruby/Gems/1.8/gems/actionpack-2.3.5/lib/action_controller/filters.rb:617:in `call_filters'
/Library/Ruby/Gems/1.8/gems/actionpack-2.3.5/lib/action_controller/filters.rb:610:in `perform_action_without_benchmark'
/Library/Ruby/Gems/1.8/gems/actionpack-2.3.5/lib/action_controller/benchmarking.rb:68:in `perform_action_without_rescue'
/Library/Ruby/Gems/1.8/gems/activesupport-2.3.5/lib/active_support/core_ext/benchmark.rb:17:in `ms'
/System/Library/Frameworks/Ruby.framework/Versions/1.8/usr/lib/ruby/1.8/benchmark.rb:308:in `realtime'
/Library/Ruby/Gems/1.8/gems/activesupport-2.3.5/lib/active_support/core_ext/benchmark.rb:17:in `ms'
/Library/Ruby/Gems/1.8/gems/actionpack-2.3.5/lib/action_controller/benchmarking.rb:68:in `perform_action_without_rescue'
/Library/Ruby/Gems/1.8/gems/actionpack-2.3.5/lib/action_controller/rescue.rb:160:in `perform_action_without_flash'
/Library/Ruby/Gems/1.8/gems/actionpack-2.3.5/lib/action_controller/flash.rb:146:in `perform_action'
/Library/Ruby/Gems/1.8/gems/actionpack-2.3.5/lib/action_controller/base.rb:532:in `send'
/Library/Ruby/Gems/1.8/gems/actionpack-2.3.5/lib/action_controller/base.rb:532:in `process_without_filters'
/Library/Ruby/Gems/1.8/gems/actionpack-2.3.5/lib/action_controller/filters.rb:606:in `sass_old_process'
/Library/Ruby/Gems/1.8/gems/haml-2.2.17/rails/../lib/sass/plugin/rails.rb:19:in `process'
/Library/Ruby/Gems/1.8/gems/actionpack-2.3.5/lib/action_controller/base.rb:391:in `process'
/Library/Ruby/Gems/1.8/gems/actionpack-2.3.5/lib/action_controller/base.rb:386:in `call'
/Library/Ruby/Gems/1.8/gems/actionpack-2.3.5/lib/action_controller/routing/route_set.rb:437:in `call'
/Library/Ruby/Gems/1.8/gems/actionpack-2.3.5/lib/action_controller/dispatcher.rb:87:in `dispatch'
/Library/Ruby/Gems/1.8/gems/actionpack-2.3.5/lib/action_controller/dispatcher.rb:121:in `_call'
/Library/Ruby/Gems/1.8/gems/actionpack-2.3.5/lib/action_controller/dispatcher.rb:130:in `build_middleware_stack'
/Library/Ruby/Gems/1.8/gems/activerecord-2.3.5/lib/active_record/query_cache.rb:29:in `call'
/Library/Ruby/Gems/1.8/gems/activerecord-2.3.5/lib/active_record/query_cache.rb:29:in `call'
/Library/Ruby/Gems/1.8/gems/activerecord-2.3.5/lib/active_record/connection_adapters/abstract/query_cache.rb:34:in `cache'
/Library/Ruby/Gems/1.8/gems/activerecord-2.3.5/lib/active_record/query_cache.rb:9:in `cache'
/Library/Ruby/Gems/1.8/gems/activerecord-2.3.5/lib/active_record/query_cache.rb:28:in `call'
/Library/Ruby/Gems/1.8/gems/activerecord-2.3.5/lib/active_record/connection_adapters/abstract/connection_pool.rb:361:in `call'
/Library/Ruby/Gems/1.8/gems/actionpack-2.3.5/lib/action_controller/string_coercion.rb:25:in `call'
/Library/Ruby/Gems/1.8/gems/rack-1.0.1/lib/rack/head.rb:9:in `call'
/Library/Ruby/Gems/1.8/gems/rack-1.0.1/lib/rack/methodoverride.rb:24:in `call'
/Library/Ruby/Gems/1.8/gems/actionpack-2.3.5/lib/action_controller/params_parser.rb:15:in `call'
/Library/Ruby/Gems/1.8/gems/actionpack-2.3.5/lib/action_controller/session/cookie_store.rb:93:in `call'
/Library/Ruby/Gems/1.8/gems/actionpack-2.3.5/lib/action_controller/failsafe.rb:26:in `call'
/Library/Ruby/Gems/1.8/gems/rack-1.0.1/lib/rack/lock.rb:11:in `call'
/Library/Ruby/Gems/1.8/gems/rack-1.0.1/lib/rack/lock.rb:11:in `synchronize'
/Library/Ruby/Gems/1.8/gems/rack-1.0.1/lib/rack/lock.rb:11:in `call'
/Library/Ruby/Gems/1.8/gems/actionpack-2.3.5/lib/action_controller/dispatcher.rb:114:in `call'
/Library/Ruby/Gems/1.8/gems/actionpack-2.3.5/lib/action_controller/reloader.rb:34:in `run'
/Library/Ruby/Gems/1.8/gems/actionpack-2.3.5/lib/action_controller/dispatcher.rb:108:in `call'
/Library/Ruby/Gems/1.8/gems/rails-2.3.5/lib/rails/rack/static.rb:31:in `call'
/Library/Ruby/Gems/1.8/gems/rack-1.0.1/lib/rack/urlmap.rb:46:in `call'
/Library/Ruby/Gems/1.8/gems/rack-1.0.1/lib/rack/urlmap.rb:40:in `each'
/Library/Ruby/Gems/1.8/gems/rack-1.0.1/lib/rack/urlmap.rb:40:in `call'
/Library/Ruby/Gems/1.8/gems/rails-2.3.5/lib/rails/rack/log_tailer.rb:17:in `call'
/Library/Ruby/Gems/1.8/gems/rack-1.0.1/lib/rack/content_length.rb:13:in `call'
/Library/Ruby/Gems/1.8/gems/rack-1.0.1/lib/rack/chunked.rb:15:in `call'
/Library/Ruby/Gems/1.8/gems/rack-1.0.1/lib/rack/handler/mongrel.rb:64:in `process'
/System/Library/Frameworks/Ruby.framework/Versions/1.8/usr/lib/ruby/gems/1.8/gems/mongrel-1.1.5/lib/mongrel.rb:159:in `process_client'
/System/Library/Frameworks/Ruby.framework/Versions/1.8/usr/lib/ruby/gems/1.8/gems/mongrel-1.1.5/lib/mongrel.rb:158:in `each'
/System/Library/Frameworks/Ruby.framework/Versions/1.8/usr/lib/ruby/gems/1.8/gems/mongrel-1.1.5/lib/mongrel.rb:158:in `process_client'
/System/Library/Frameworks/Ruby.framework/Versions/1.8/usr/lib/ruby/gems/1.8/gems/mongrel-1.1.5/lib/mongrel.rb:285:in `run'
/System/Library/Frameworks/Ruby.framework/Versions/1.8/usr/lib/ruby/gems/1.8/gems/mongrel-1.1.5/lib/mongrel.rb:285:in `initialize'
/System/Library/Frameworks/Ruby.framework/Versions/1.8/usr/lib/ruby/gems/1.8/gems/mongrel-1.1.5/lib/mongrel.rb:285:in `new'
/System/Library/Frameworks/Ruby.framework/Versions/1.8/usr/lib/ruby/gems/1.8/gems/mongrel-1.1.5/lib/mongrel.rb:285:in `run'
/System/Library/Frameworks/Ruby.framework/Versions/1.8/usr/lib/ruby/gems/1.8/gems/mongrel-1.1.5/lib/mongrel.rb:268:in `initialize'
/System/Library/Frameworks/Ruby.framework/Versions/1.8/usr/lib/ruby/gems/1.8/gems/mongrel-1.1.5/lib/mongrel.rb:268:in `new'
/System/Library/Frameworks/Ruby.framework/Versions/1.8/usr/lib/ruby/gems/1.8/gems/mongrel-1.1.5/lib/mongrel.rb:268:in `run'
/Library/Ruby/Gems/1.8/gems/rack-1.0.1/lib/rack/handler/mongrel.rb:34:in `run'
/Library/Ruby/Gems/1.8/gems/rails-2.3.5/lib/commands/server.rb:111
/Library/Ruby/Site/1.8/rubygems/custom_require.rb:31:in `gem_original_require'
/Library/Ruby/Site/1.8/rubygems/custom_require.rb:31:in `require'
script/server:3

ActionView::TemplateError (compile error
/Users/sureshharikrishnan/works/HackDay/2010/india-debates/app/views/data_entry/index.html.haml:8: syntax error, unexpected kENSURE, expecting kEND
}\n";end;_erbout;ensure;@haml_buffer = @haml_buffer.upper;end;
                       ^
/Users/sureshharikrishnan/works/HackDay/2010/india-debates/app/views/data_entry/index.html.haml:11: syntax error, unexpected $end, expecting kEND) on line #8 of app/views/data_entry/index.html.haml:
5: - center :class => :panel do
6: - content_for :script do
7:   = javascript_include_tag "ui/clients"

    app/views/data_entry/index.html.haml:11:in `compile!'
    haml (2.2.17) lib/haml/helpers/action_view_mods.rb:13:in `render'
    haml (2.2.17) lib/haml/helpers/action_view_mods.rb:13:in `render'
    haml (2.2.17) rails/./lib/sass/plugin/rails.rb:19:in `process'

Rendered rescues/_trace (111.7ms)
Rendered rescues/_request_and_response (1.5ms)
Rendering rescues/layout (internal_server_error)


Processing DataEntryController#index (for 127.0.0.1 at 2010-07-24 18:47:13) [GET]
Rendering template within layouts/application
Rendering data_entry/index

ActionView::TemplateError (undefined method `top' for #<ActionView::Base:0x1035440f8>) on line #1 of app/views/data_entry/index.html.haml:
1: - top do
2:   .heading
3:     %h1= title "Data entry page"
4: 

    app/views/data_entry/index.html.haml:1:in `_run_haml_app47views47data_entry47index46html46haml'
    haml (2.2.17) lib/haml/helpers/action_view_mods.rb:13:in `render'
    haml (2.2.17) lib/haml/helpers/action_view_mods.rb:13:in `render'
    haml (2.2.17) rails/./lib/sass/plugin/rails.rb:19:in `process'

Rendered rescues/_trace (47.1ms)
Rendered rescues/_request_and_response (0.3ms)
Rendering rescues/layout (internal_server_error)


Processing DataEntryController#index (for 127.0.0.1 at 2010-07-24 18:47:22) [GET]
Rendering template within layouts/application
Rendering data_entry/index

ActionView::TemplateError (undefined method `title' for #<ActionView::Base:0x1037dae98>) on line #2 of app/views/data_entry/index.html.haml:
1: .heading
2:   %h1= title "Data entry page"
3: 
4: - content_for :script do
5:   = javascript_include_tag "ui/clients"

    app/views/data_entry/index.html.haml:2:in `_run_haml_app47views47data_entry47index46html46haml'
    haml (2.2.17) lib/haml/helpers/action_view_mods.rb:13:in `render'
    haml (2.2.17) lib/haml/helpers/action_view_mods.rb:13:in `render'
    haml (2.2.17) rails/./lib/sass/plugin/rails.rb:19:in `process'

Rendered rescues/_trace (43.7ms)
Rendered rescues/_request_and_response (0.3ms)
Rendering rescues/layout (internal_server_error)


Processing DataEntryController#index (for 127.0.0.1 at 2010-07-24 18:47:28) [GET]
Rendering template within layouts/application
Rendering data_entry/index

ActionView::TemplateError (undefined local variable or method `title' for #<ActionView::Base:0x1033672a8>) on line #5 of app/views/layouts/application.html.haml:
2: %html{ :xmlns => "http://www.w3.org/1999/xhtml", "xml:lang" => "en", :lang => "en" }
3:   %head
4:     = stylesheet_link_tag "application", :media => "all"
5:     %title= title
6:   %body{ :class => body_class }
7:     - container do
8:       = yield

    app/views/layouts/application.html.haml:5:in `_run_haml_app47views47layouts47application46html46haml'
    haml (2.2.17) lib/haml/helpers/action_view_mods.rb:13:in `render'
    haml (2.2.17) lib/haml/helpers/action_view_mods.rb:13:in `render'
    haml (2.2.17) rails/./lib/sass/plugin/rails.rb:19:in `process'

Rendered rescues/_trace (121.9ms)
Rendered rescues/_request_and_response (0.3ms)
Rendering rescues/layout (internal_server_error)


Processing DataEntryController#index (for 127.0.0.1 at 2010-07-24 18:48:05) [GET]
Rendering template within layouts/application
Rendering data_entry/index

ActionView::TemplateError (undefined local variable or method `title' for #<ActionView::Base:0x10363cbe0>) on line #5 of app/views/layouts/application.html.haml:
2: %html{ :xmlns => "http://www.w3.org/1999/xhtml", "xml:lang" => "en", :lang => "en" }
3:   %head
4:     = stylesheet_link_tag "application", :media => "all"
5:     %title= title
6:   %body{ :class => body_class }
7:     - container do
8:       = yield

    app/views/layouts/application.html.haml:5:in `_run_haml_app47views47layouts47application46html46haml'
    haml (2.2.17) lib/haml/helpers/action_view_mods.rb:13:in `render'
    haml (2.2.17) lib/haml/helpers/action_view_mods.rb:13:in `render'
    haml (2.2.17) rails/./lib/sass/plugin/rails.rb:19:in `process'

Rendered rescues/_trace (45.4ms)
Rendered rescues/_request_and_response (0.3ms)
Rendering rescues/layout (internal_server_error)


Processing DataEntryController#index (for 127.0.0.1 at 2010-07-24 18:50:16) [GET]
Rendering template within layouts/application
Rendering data_entry/index

ActionView::TemplateError (undefined local variable or method `body_class' for #<ActionView::Base:0x103238d78>) on line #6 of app/views/layouts/application.html.haml:
3:   %head
4:     = stylesheet_link_tag "application", :media => "all"
5:     %title= title "Data entry page"
6:   %body{ :class => body_class }
7:     - container do
8:       = yield
9:     = yield :script

    app/views/layouts/application.html.haml:6:in `_run_haml_app47views47layouts47application46html46haml'
    haml (2.2.17) lib/haml/helpers/action_view_mods.rb:13:in `render'
    haml (2.2.17) lib/haml/helpers/action_view_mods.rb:13:in `render'
    haml (2.2.17) rails/./lib/sass/plugin/rails.rb:19:in `process'

Rendered rescues/_trace (44.6ms)
Rendered rescues/_request_and_response (0.3ms)
Rendering rescues/layout (internal_server_error)


Processing DataEntryController#index (for 127.0.0.1 at 2010-07-24 18:50:29) [GET]
Rendering template within layouts/application
Rendering data_entry/index

ActionView::TemplateError (undefined method `container' for #<ActionView::Base:0x10343b6e8>) on line #7 of app/views/layouts/application.html.haml:
4:     = stylesheet_link_tag "application", :media => "all"
5:     %title= title "Data entry page"
6:   %body
7:     - container do
8:       = yield
9:     = yield :script

    app/views/layouts/application.html.haml:7:in `_run_haml_app47views47layouts47application46html46haml'
    haml (2.2.17) lib/haml/helpers/action_view_mods.rb:13:in `render'
    haml (2.2.17) lib/haml/helpers/action_view_mods.rb:13:in `render'
    haml (2.2.17) rails/./lib/sass/plugin/rails.rb:19:in `process'

Rendered rescues/_trace (125.2ms)
Rendered rescues/_request_and_response (0.3ms)
Rendering rescues/layout (internal_server_error)


Processing DataEntryController#index (for 127.0.0.1 at 2010-07-24 18:50:52) [GET]
Rendering template within layouts/application
Rendering data_entry/index

ActionView::TemplateError (Illegal nesting: content can't be both given on the same line as %div and nested within it.) on line #8 of app/views/layouts/application.html.haml:
5:     %title= title "Data entry page"
6:   %body
7:     .container do
8:       = yield
9:     = yield :script

    app/views/layouts/application.html.haml:8
    haml (2.2.17) lib/haml/precompiler.rb:740:in `render_tag'
    haml (2.2.17) lib/haml/precompiler.rb:805:in `render_div'
    haml (2.2.17) lib/haml/precompiler.rb:209:in `process_line'
    haml (2.2.17) lib/haml/precompiler.rb:177:in `precompile'
    haml (2.2.17) lib/haml/engine.rb:114:in `initialize'
    haml (2.2.17) rails/./lib/haml/template/plugin.rb:24:in `new'
    haml (2.2.17) rails/./lib/haml/template/plugin.rb:24:in `compile'
    haml (2.2.17) lib/haml/helpers/action_view_mods.rb:13:in `render'
    haml (2.2.17) lib/haml/helpers/action_view_mods.rb:13:in `render'
    haml (2.2.17) rails/./lib/sass/plugin/rails.rb:19:in `process'

Rendered rescues/_trace (49.1ms)
Rendered rescues/_request_and_response (0.3ms)
Rendering rescues/layout (internal_server_error)


Processing DataEntryController#index (for 127.0.0.1 at 2010-07-24 18:51:09) [GET]
Rendering template within layouts/application
Rendering data_entry/index
Completed in 8ms (View: 6, DB: 0) | 200 OK [http://localhost/data_entry]


Processing ApplicationController#index (for 127.0.0.1 at 2010-07-24 18:51:09) [GET]

ActionController::RoutingError (No route matches "/stylesheets/application.css" with {:method=>:get}):
  

Rendering rescues/layout (not_found)


Processing ApplicationController#index (for 127.0.0.1 at 2010-07-24 18:51:09) [GET]

ActionController::RoutingError (No route matches "/javascripts/ui/clients.js" with {:method=>:get}):
  

Rendering rescues/layout (not_found)


Processing DataEntryController#index (for 127.0.0.1 at 2010-07-24 18:52:28) [GET]
Rendering template within layouts/application
Rendering data_entry/index

ActionView::TemplateError (undefined method `textfield' for nil:NilClass) on line #5 of app/views/data_entry/index.html.haml:
2:   %h1= "Data entry page"
3: 
4:   - form_tag do |f|
5:     = f.textfield :name
6: 
7: - content_for :script do
8:   = javascript_include_tag "ui/clients"

    app/views/data_entry/index.html.haml:5:in `_run_haml_app47views47data_entry47index46html46haml'
    haml (2.2.17) lib/haml/helpers/action_view_mods.rb:141:in `call'
    haml (2.2.17) lib/haml/helpers/action_view_mods.rb:141:in `form_tag'
    haml (2.2.17) lib/haml/helpers.rb:545:in `call'
    haml (2.2.17) lib/haml/helpers.rb:545:in `haml_bind_proc'
    haml (2.2.17) lib/haml/helpers.rb:322:in `call'
    haml (2.2.17) lib/haml/helpers.rb:322:in `capture_haml'
    haml (2.2.17) lib/haml/helpers.rb:523:in `with_haml_buffer'
    haml (2.2.17) lib/haml/helpers.rb:318:in `capture_haml'
    haml (2.2.17) lib/haml/helpers/action_view_mods.rb:87:in `capture'
    haml (2.2.17) lib/haml/helpers/action_view_mods.rb:147:in `form_tag'
    app/views/data_entry/index.html.haml:4:in `_run_haml_app47views47data_entry47index46html46haml'
    haml (2.2.17) lib/haml/helpers/action_view_mods.rb:13:in `render'
    haml (2.2.17) lib/haml/helpers/action_view_mods.rb:13:in `render'
    haml (2.2.17) rails/./lib/sass/plugin/rails.rb:19:in `process'

Rendered rescues/_trace (52.9ms)
Rendered rescues/_request_and_response (0.3ms)
Rendering rescues/layout (internal_server_error)


Processing DataEntryController#index (for 127.0.0.1 at 2010-07-24 18:54:56) [GET]
Rendering template within layouts/application
Rendering data_entry/index

ActionView::TemplateError (undefined method `textfield_tag' for #<ActionView::Base:0x103314e68>) on line #5 of app/views/data_entry/index.html.haml:
2:   %h1= "Data entry page"
3: 
4:   - form_tag do
5:     = textfield_tag :name
6: 
7: - content_for :script do
8:   = javascript_include_tag "ui/clients"

    app/views/data_entry/index.html.haml:5:in `_run_haml_app47views47data_entry47index46html46haml'
    haml (2.2.17) lib/haml/helpers/action_view_mods.rb:141:in `call'
    haml (2.2.17) lib/haml/helpers/action_view_mods.rb:141:in `form_tag'
    haml (2.2.17) lib/haml/helpers.rb:545:in `call'
    haml (2.2.17) lib/haml/helpers.rb:545:in `haml_bind_proc'
    haml (2.2.17) lib/haml/helpers.rb:322:in `call'
    haml (2.2.17) lib/haml/helpers.rb:322:in `capture_haml'
    haml (2.2.17) lib/haml/helpers.rb:523:in `with_haml_buffer'
    haml (2.2.17) lib/haml/helpers.rb:318:in `capture_haml'
    haml (2.2.17) lib/haml/helpers/action_view_mods.rb:87:in `capture'
    haml (2.2.17) lib/haml/helpers/action_view_mods.rb:147:in `form_tag'
    app/views/data_entry/index.html.haml:4:in `_run_haml_app47views47data_entry47index46html46haml'
    haml (2.2.17) lib/haml/helpers/action_view_mods.rb:13:in `render'
    haml (2.2.17) lib/haml/helpers/action_view_mods.rb:13:in `render'
    haml (2.2.17) rails/./lib/sass/plugin/rails.rb:19:in `process'

Rendered rescues/_trace (130.9ms)
Rendered rescues/_request_and_response (0.3ms)
Rendering rescues/layout (internal_server_error)


Processing DataEntryController#index (for 127.0.0.1 at 2010-07-24 18:55:28) [GET]
Rendering template within layouts/application
Rendering data_entry/index

ActionView::TemplateError (undefined method `textfield' for #<ActionView::Base:0x10352e5c8>) on line #5 of app/views/data_entry/index.html.haml:
2:   %h1= "Data entry page"
3: 
4:   - form_tag do
5:     = textfield :name
6: 
7: - content_for :script do
8:   = javascript_include_tag "ui/clients"

    app/views/data_entry/index.html.haml:5:in `_run_haml_app47views47data_entry47index46html46haml'
    haml (2.2.17) lib/haml/helpers/action_view_mods.rb:141:in `call'
    haml (2.2.17) lib/haml/helpers/action_view_mods.rb:141:in `form_tag'
    haml (2.2.17) lib/haml/helpers.rb:545:in `call'
    haml (2.2.17) lib/haml/helpers.rb:545:in `haml_bind_proc'
    haml (2.2.17) lib/haml/helpers.rb:322:in `call'
    haml (2.2.17) lib/haml/helpers.rb:322:in `capture_haml'
    haml (2.2.17) lib/haml/helpers.rb:523:in `with_haml_buffer'
    haml (2.2.17) lib/haml/helpers.rb:318:in `capture_haml'
    haml (2.2.17) lib/haml/helpers/action_view_mods.rb:87:in `capture'
    haml (2.2.17) lib/haml/helpers/action_view_mods.rb:147:in `form_tag'
    app/views/data_entry/index.html.haml:4:in `_run_haml_app47views47data_entry47index46html46haml'
    haml (2.2.17) lib/haml/helpers/action_view_mods.rb:13:in `render'
    haml (2.2.17) lib/haml/helpers/action_view_mods.rb:13:in `render'
    haml (2.2.17) rails/./lib/sass/plugin/rails.rb:19:in `process'

Rendered rescues/_trace (130.0ms)
Rendered rescues/_request_and_response (0.3ms)
Rendering rescues/layout (internal_server_error)


Processing DataEntryController#index (for 127.0.0.1 at 2010-07-24 18:56:09) [GET]
Rendering template within layouts/application
Rendering data_entry/index
Completed in 45ms (View: 43, DB: 0) | 200 OK [http://localhost/data_entry]


Processing ApplicationController#index (for 127.0.0.1 at 2010-07-24 18:56:09) [GET]

ActionController::RoutingError (No route matches "/stylesheets/application.css" with {:method=>:get}):
  

Rendering rescues/layout (not_found)


Processing ApplicationController#index (for 127.0.0.1 at 2010-07-24 18:56:09) [GET]

ActionController::RoutingError (No route matches "/javascripts/ui/clients.js" with {:method=>:get}):
  

Rendering rescues/layout (not_found)


Processing ApplicationController#index (for 127.0.0.1 at 2010-07-25 00:28:47) [GET]

ActionController::RoutingError (No route matches "/javascript/timeline.js" with {:method=>:get}):
  

Rendering rescues/layout (not_found)


Processing ApplicationController#index (for 127.0.0.1 at 2010-07-25 00:30:27) [GET]

ActionController::RoutingError (No route matches "/javascript/timeline.js" with {:method=>:get}):
  

Rendering rescues/layout (not_found)


Processing ApplicationController#index (for 127.0.0.1 at 2010-07-25 00:30:29) [GET]

ActionController::RoutingError (No route matches "/javascript/timeline.js" with {:method=>:get}):
  

Rendering rescues/layout (not_found)


Processing ApplicationController#index (for 127.0.0.1 at 2010-07-25 00:30:36) [GET]

ActionController::RoutingError (No route matches "/javascript/timeline.js" with {:method=>:get}):
  

Rendering rescues/layout (not_found)


Processing ApplicationController#index (for 127.0.0.1 at 2010-07-25 00:33:22) [GET]

ActionController::RoutingError (No route matches "/data.js" with {:method=>:get}):
  

Rendering rescues/layout (not_found)


Processing DataController#show to js (for 127.0.0.1 at 2010-07-25 00:34:36) [GET]

ActionController::UnknownAction (No action responded to show. Actions: index):
  haml (2.2.17) rails/./lib/sass/plugin/rails.rb:19:in `process'

Rendering rescues/layout (not_found)


Processing DataController#show to js (for 127.0.0.1 at 2010-07-25 00:34:56) [GET]

ArgumentError (too few arguments):
  app/controllers/data_controller.rb:3:in `format'
  app/controllers/data_controller.rb:3:in `show'
  haml (2.2.17) rails/./lib/sass/plugin/rails.rb:19:in `process'

Rendered rescues/_trace (110.6ms)
Rendered rescues/_request_and_response (1.3ms)
Rendering rescues/layout (internal_server_error)


Processing DataController#show to js (for 127.0.0.1 at 2010-07-25 00:35:17) [GET]

ActionController::UnknownAction (No action responded to show. Actions: index):
  haml (2.2.17) rails/./lib/sass/plugin/rails.rb:19:in `process'

Rendering rescues/layout (not_found)


Processing ApplicationController#index (for 127.0.0.1 at 2010-07-25 00:35:31) [GET]

ActionController::RoutingError (No route matches "/data/all.js" with {:method=>:get}):
  

Rendering rescues/layout (not_found)


Processing DataController#show (for 127.0.0.1 at 2010-07-25 00:35:39) [GET]

ActionController::UnknownAction (No action responded to show. Actions: index):
  haml (2.2.17) rails/./lib/sass/plugin/rails.rb:19:in `process'

Rendering rescues/layout (not_found)


Processing DataController#show (for 127.0.0.1 at 2010-07-25 00:35:42) [GET]

ActionController::UnknownAction (No action responded to show. Actions: index):
  haml (2.2.17) rails/./lib/sass/plugin/rails.rb:19:in `process'

Rendering rescues/layout (not_found)


Processing DataController#show (for 127.0.0.1 at 2010-07-25 00:35:44) [GET]

ActionController::UnknownAction (No action responded to show. Actions: index):
  haml (2.2.17) rails/./lib/sass/plugin/rails.rb:19:in `process'

Rendering rescues/layout (not_found)


Processing DataController#show (for 127.0.0.1 at 2010-07-25 00:35:44) [GET]

ActionController::UnknownAction (No action responded to show. Actions: index):
  haml (2.2.17) rails/./lib/sass/plugin/rails.rb:19:in `process'

Rendering rescues/layout (not_found)


Processing DataController#show (for 127.0.0.1 at 2010-07-25 00:35:45) [GET]

ActionController::UnknownAction (No action responded to show. Actions: index):
  haml (2.2.17) rails/./lib/sass/plugin/rails.rb:19:in `process'

Rendering rescues/layout (not_found)


Processing DataController#index (for 127.0.0.1 at 2010-07-25 00:35:55) [GET]

ArgumentError (too few arguments):
  app/controllers/data_controller.rb:3:in `format'
  app/controllers/data_controller.rb:3:in `index'
  haml (2.2.17) rails/./lib/sass/plugin/rails.rb:19:in `process'

Rendered rescues/_trace (113.9ms)
Rendered rescues/_request_and_response (0.3ms)
Rendering rescues/layout (internal_server_error)


Processing DataController#index (for 127.0.0.1 at 2010-07-25 00:35:59) [GET]

ArgumentError (too few arguments):
  app/controllers/data_controller.rb:3:in `format'
  app/controllers/data_controller.rb:3:in `index'
  haml (2.2.17) rails/./lib/sass/plugin/rails.rb:19:in `process'

Rendered rescues/_trace (37.3ms)
Rendered rescues/_request_and_response (0.3ms)
Rendering rescues/layout (internal_server_error)


Processing DataController#index to js (for 127.0.0.1 at 2010-07-25 00:36:02) [GET]

ArgumentError (too few arguments):
  app/controllers/data_controller.rb:3:in `format'
  app/controllers/data_controller.rb:3:in `index'
  haml (2.2.17) rails/./lib/sass/plugin/rails.rb:19:in `process'

Rendered rescues/_trace (36.5ms)
Rendered rescues/_request_and_response (0.4ms)
Rendering rescues/layout (internal_server_error)


Processing ApplicationController#index (for 127.0.0.1 at 2010-07-25 00:36:20) [GET]

ActionController::RoutingError (No route matches "/data.js" with {:method=>:get}):
  

Rendering rescues/layout (not_found)


Processing DataController#index (for 127.0.0.1 at 2010-07-25 00:36:25) [GET]

ArgumentError (too few arguments):
  app/controllers/data_controller.rb:3:in `format'
  app/controllers/data_controller.rb:3:in `index'
  haml (2.2.17) rails/./lib/sass/plugin/rails.rb:19:in `process'

Rendered rescues/_trace (36.2ms)
Rendered rescues/_request_and_response (0.4ms)
Rendering rescues/layout (internal_server_error)


Processing DataController#index (for 127.0.0.1 at 2010-07-25 00:36:28) [GET]

ArgumentError (too few arguments):
  app/controllers/data_controller.rb:3:in `format'
  app/controllers/data_controller.rb:3:in `index'
  haml (2.2.17) rails/./lib/sass/plugin/rails.rb:19:in `process'

Rendered rescues/_trace (35.9ms)
Rendered rescues/_request_and_response (0.3ms)
Rendering rescues/layout (internal_server_error)


Processing DataController#index (for 127.0.0.1 at 2010-07-25 00:36:30) [GET]

ArgumentError (too few arguments):
  app/controllers/data_controller.rb:3:in `format'
  app/controllers/data_controller.rb:3:in `index'
  haml (2.2.17) rails/./lib/sass/plugin/rails.rb:19:in `process'

Rendered rescues/_trace (119.1ms)
Rendered rescues/_request_and_response (0.4ms)
Rendering rescues/layout (internal_server_error)


Processing DataController#index (for 127.0.0.1 at 2010-07-25 00:36:46) [GET]

ArgumentError (too few arguments):
  app/controllers/data_controller.rb:3:in `format'
  app/controllers/data_controller.rb:3:in `index'
  haml (2.2.17) rails/./lib/sass/plugin/rails.rb:19:in `process'

Rendered rescues/_trace (36.9ms)
Rendered rescues/_request_and_response (0.3ms)
Rendering rescues/layout (internal_server_error)


Processing DataController#index (for 127.0.0.1 at 2010-07-25 00:36:48) [GET]

ArgumentError (too few arguments):
  app/controllers/data_controller.rb:3:in `format'
  app/controllers/data_controller.rb:3:in `index'
  haml (2.2.17) rails/./lib/sass/plugin/rails.rb:19:in `process'

Rendered rescues/_trace (36.1ms)
Rendered rescues/_request_and_response (0.3ms)
Rendering rescues/layout (internal_server_error)


Processing DataController#index (for 127.0.0.1 at 2010-07-25 00:36:50) [GET]

ArgumentError (too few arguments):
  app/controllers/data_controller.rb:3:in `format'
  app/controllers/data_controller.rb:3:in `index'
  haml (2.2.17) rails/./lib/sass/plugin/rails.rb:19:in `process'

Rendered rescues/_trace (36.3ms)
Rendered rescues/_request_and_response (0.3ms)
Rendering rescues/layout (internal_server_error)


Processing DataController#index (for 127.0.0.1 at 2010-07-25 00:36:51) [GET]

ArgumentError (too few arguments):
  app/controllers/data_controller.rb:3:in `format'
  app/controllers/data_controller.rb:3:in `index'
  haml (2.2.17) rails/./lib/sass/plugin/rails.rb:19:in `process'

Rendered rescues/_trace (36.3ms)
Rendered rescues/_request_and_response (0.3ms)
Rendering rescues/layout (internal_server_error)


Processing DataController#index (for 127.0.0.1 at 2010-07-25 00:36:51) [GET]

ArgumentError (too few arguments):
  app/controllers/data_controller.rb:3:in `format'
  app/controllers/data_controller.rb:3:in `index'
  haml (2.2.17) rails/./lib/sass/plugin/rails.rb:19:in `process'

Rendered rescues/_trace (141.5ms)
Rendered rescues/_request_and_response (0.3ms)
Rendering rescues/layout (internal_server_error)


Processing DataController#index (for 127.0.0.1 at 2010-07-25 00:37:29) [GET]

ActionView::MissingTemplate (Missing template data/index.erb in view path app/views):
  haml (2.2.17) rails/./lib/sass/plugin/rails.rb:19:in `process'

Rendering rescues/layout (internal_server_error)


Processing ApplicationController#index (for 127.0.0.1 at 2010-07-25 00:37:38) [GET]

ActionController::RoutingError (No route matches "/data.js" with {:method=>:get}):
  

Rendering rescues/layout (not_found)


Processing ApplicationController#index (for 127.0.0.1 at 2010-07-25 00:37:42) [GET]

ActionController::RoutingError (No route matches "/data.js" with {:method=>:get}):
  

Rendering rescues/layout (not_found)


Processing ApplicationController#index (for 127.0.0.1 at 2010-07-25 00:37:42) [GET]

ActionController::RoutingError (No route matches "/data.js" with {:method=>:get}):
  

Rendering rescues/layout (not_found)


Processing ApplicationController#index (for 127.0.0.1 at 2010-07-25 00:37:42) [GET]

ActionController::RoutingError (No route matches "/data.js" with {:method=>:get}):
  

Rendering rescues/layout (not_found)


Processing DataController#index to js (for 127.0.0.1 at 2010-07-25 00:37:57) [GET]

ActionView::MissingTemplate (Missing template data/index.erb in view path app/views):
  haml (2.2.17) rails/./lib/sass/plugin/rails.rb:19:in `process'

Rendering rescues/layout (internal_server_error)


Processing DataController#index to js (for 127.0.0.1 at 2010-07-25 00:38:00) [GET]

ActionView::MissingTemplate (Missing template data/index.erb in view path app/views):
  haml (2.2.17) rails/./lib/sass/plugin/rails.rb:19:in `process'

Rendering rescues/layout (internal_server_error)


Processing DataController#index to js (for 127.0.0.1 at 2010-07-25 00:38:13) [GET]

ActionView::MissingTemplate (Missing template data/index.erb in view path app/views):
  haml (2.2.17) rails/./lib/sass/plugin/rails.rb:19:in `process'

Rendering rescues/layout (internal_server_error)


Processing DataController#index to js (for 127.0.0.1 at 2010-07-25 00:38:14) [GET]

ActionView::MissingTemplate (Missing template data/index.erb in view path app/views):
  haml (2.2.17) rails/./lib/sass/plugin/rails.rb:19:in `process'

Rendering rescues/layout (internal_server_error)


Processing DataController#index to js (for 127.0.0.1 at 2010-07-25 00:38:14) [GET]

ActionView::MissingTemplate (Missing template data/index.erb in view path app/views):
  haml (2.2.17) rails/./lib/sass/plugin/rails.rb:19:in `process'

Rendering rescues/layout (internal_server_error)


Processing DataController#index to js (for 127.0.0.1 at 2010-07-25 00:38:15) [GET]

ActionView::MissingTemplate (Missing template data/index.erb in view path app/views):
  haml (2.2.17) rails/./lib/sass/plugin/rails.rb:19:in `process'

Rendering rescues/layout (internal_server_error)


Processing DataController#index to js (for 127.0.0.1 at 2010-07-25 00:38:15) [GET]

ActionView::MissingTemplate (Missing template data/index.erb in view path app/views):
  haml (2.2.17) rails/./lib/sass/plugin/rails.rb:19:in `process'

Rendering rescues/layout (internal_server_error)


Processing DataController#index to js (for 127.0.0.1 at 2010-07-25 00:38:28) [GET]
Completed in 2ms (View: 0, DB: 0) | 200 OK [http://localhost/data.js]


Processing DataController#index to js (for 127.0.0.1 at 2010-07-25 00:38:29) [GET]
Completed in 2ms (View: 1, DB: 0) | 200 OK [http://localhost/data.js]


Processing DataController#index to js (for 127.0.0.1 at 2010-07-25 00:38:30) [GET]
Completed in 2ms (View: 0, DB: 0) | 200 OK [http://localhost/data.js]


Processing ApplicationController#index (for 127.0.0.1 at 2010-07-25 00:51:38) [GET]

ActionController::RoutingError (No route matches "/javascript/timeline.js" with {:method=>:get}):
  

Rendering rescues/layout (not_found)


Processing ApplicationController#index to html (for 127.0.0.1 at 2010-07-25 00:54:51) [GET]

NameError (uninitialized constant TimelineController):
  

Rendered rescues/_trace (32.4ms)
Rendered rescues/_request_and_response (0.7ms)
Rendering rescues/layout (internal_server_error)


Processing ApplicationController#index to html (for 127.0.0.1 at 2010-07-25 00:55:25) [GET]

NameError (uninitialized constant TimelineController):
  

Rendered rescues/_trace (102.5ms)
Rendered rescues/_request_and_response (1.3ms)
Rendering rescues/layout (internal_server_error)


Processing TimelineController#index to html (for 127.0.0.1 at 2010-07-25 00:55:40) [GET]
Completed in 2ms (View: 1, DB: 0) | 406 Not Acceptable [http://localhost/timeline.html]


Processing TimelineController#index to html (for 127.0.0.1 at 2010-07-25 00:55:44) [GET]
Completed in 2ms (View: 1, DB: 0) | 406 Not Acceptable [http://localhost/timeline.html]


Processing ApplicationController#index (for 127.0.0.1 at 2010-07-25 00:56:09) [GET]

ActionController::RoutingError (No route matches "/javascript/timeline.js" with {:method=>:get}):
  

Rendering rescues/layout (not_found)


Processing ApplicationController#index (for 127.0.0.1 at 2010-07-25 00:56:09) [GET]

ActionController::RoutingError (No route matches "/javascript/timeline.js" with {:method=>:get}):
  

Rendering rescues/layout (not_found)


Processing ApplicationController#index (for 127.0.0.1 at 2010-07-25 00:56:20) [GET]

ActionController::RoutingError (No route matches "/javascript/timeline.js" with {:method=>:get}):
  

Rendering rescues/layout (not_found)


Processing ApplicationController#index (for 127.0.0.1 at 2010-07-25 00:56:20) [GET]

ActionController::RoutingError (No route matches "/javascript/timeline.js" with {:method=>:get}):
  

Rendering rescues/layout (not_found)


Processing TimelineController#index to js (for 127.0.0.1 at 2010-07-25 01:10:32) [GET]

Errno::ENOENT (No such file or directory - ../../public/timeline_data.js):
  app/controllers/timeline_controller.rb:3:in `read'
  app/controllers/timeline_controller.rb:3:in `index'
  haml (2.2.17) rails/./lib/sass/plugin/rails.rb:19:in `process'

Rendered rescues/_trace (36.0ms)
Rendered rescues/_request_and_response (0.4ms)
Rendering rescues/layout (internal_server_error)


Processing TimelineController#index to js (for 127.0.0.1 at 2010-07-25 01:10:53) [GET]
Completed in 2ms (View: 1, DB: 0) | 200 OK [http://localhost/timeline.js]


Processing TimelineController#index to js (for 127.0.0.1 at 2010-07-25 01:10:54) [GET]
Completed in 2ms (View: 1, DB: 0) | 200 OK [http://localhost/timeline.js]


Processing TimelineController#index to js (for 127.0.0.1 at 2010-07-25 01:11:48) [GET]
Completed in 3ms (View: 1, DB: 0) | 200 OK [http://localhost/timeline.js]


Processing TimelineController#index to js (for 127.0.0.1 at 2010-07-25 01:12:48) [GET]
Completed in 2ms (View: 1, DB: 0) | 200 OK [http://localhost/timeline.js]


Processing TimelineController#index to js (for 127.0.0.1 at 2010-07-25 01:13:30) [GET]
Completed in 3ms (View: 1, DB: 0) | 200 OK [http://localhost/timeline.js]


Processing TimelineController#index to js (for 127.0.0.1 at 2010-07-25 01:13:43) [GET]
Completed in 3ms (View: 1, DB: 0) | 200 OK [http://localhost/timeline.js]


Processing TimelineController#index to js (for 127.0.0.1 at 2010-07-25 01:14:36) [GET]
Completed in 3ms (View: 1, DB: 0) | 200 OK [http://localhost/timeline.js]


Processing TimelineController#index to js (for 127.0.0.1 at 2010-07-25 01:14:49) [GET]
Completed in 3ms (View: 1, DB: 0) | 200 OK [http://localhost/timeline.js]


Processing TimelineController#index to js (for 127.0.0.1 at 2010-07-25 01:18:03) [GET]
Completed in 3ms (View: 1, DB: 0) | 200 OK [http://localhost/timeline.js]


Processing TimelineController#index to js (for 127.0.0.1 at 2010-07-25 01:18:05) [GET]
Completed in 2ms (View: 0, DB: 0) | 200 OK [http://localhost/timeline.js]


Processing TimelineController#index to js (for 127.0.0.1 at 2010-07-25 01:18:39) [GET]
Completed in 3ms (View: 1, DB: 0) | 200 OK [http://localhost/timeline.js]


Processing TimelineController#index to js (for 127.0.0.1 at 2010-07-25 01:22:14) [GET]
Completed in 23ms (View: 20, DB: 0) | 200 OK [http://localhost/timeline.js]


Processing TimelineController#index to js (for 127.0.0.1 at 2010-07-25 01:22:22) [GET]
Completed in 3ms (View: 1, DB: 0) | 200 OK [http://localhost/timeline.js]


Processing TimelineController#index to js (for 127.0.0.1 at 2010-07-25 01:22:26) [GET]
Completed in 2ms (View: 1, DB: 0) | 200 OK [http://localhost/timeline.js]


Processing TimelineController#index to js (for 127.0.0.1 at 2010-07-25 01:22:32) [GET]
Completed in 3ms (View: 1, DB: 0) | 200 OK [http://localhost/timeline.js]


Processing TimelineController#index to js (for 127.0.0.1 at 2010-07-25 01:25:08) [GET]
Completed in 2ms (View: 1, DB: 0) | 200 OK [http://localhost/timeline.js]


Processing TimelineController#index to js (for 127.0.0.1 at 2010-07-25 01:25:40) [GET]
Completed in 3ms (View: 1, DB: 0) | 200 OK [http://localhost/timeline.js]


Processing TimelineController#index to js (for 127.0.0.1 at 2010-07-25 01:26:53) [GET]
Completed in 2ms (View: 1, DB: 0) | 200 OK [http://localhost/timeline.js]


Processing TimelineController#index to js (for 127.0.0.1 at 2010-07-25 01:37:56) [GET]
Completed in 2ms (View: 1, DB: 0) | 200 OK [http://localhost/timeline.js]


Processing TimelineController#index to js (for 127.0.0.1 at 2010-07-25 01:38:07) [GET]
Completed in 2ms (View: 1, DB: 0) | 200 OK [http://localhost/timeline.js]


Processing TimelineController#index to js (for 127.0.0.1 at 2010-07-25 01:39:07) [GET]
Completed in 2ms (View: 1, DB: 0) | 200 OK [http://localhost/timeline.js]


Processing TimelineController#index to js (for 127.0.0.1 at 2010-07-25 01:39:21) [GET]
Completed in 2ms (View: 1, DB: 0) | 200 OK [http://localhost/timeline.js]


Processing TimelineController#index to js (for 127.0.0.1 at 2010-07-25 01:40:09) [GET]
Completed in 2ms (View: 1, DB: 0) | 200 OK [http://localhost/timeline.js]


Processing TimelineController#index to js (for 127.0.0.1 at 2010-07-25 01:41:13) [GET]
Completed in 2ms (View: 1, DB: 0) | 200 OK [http://localhost/timeline.js]


Processing TimelineController#index to js (for 127.0.0.1 at 2010-07-25 01:41:26) [GET]
Completed in 2ms (View: 1, DB: 0) | 200 OK [http://localhost/timeline.js]


Processing TimelineController#index to js (for 127.0.0.1 at 2010-07-25 01:42:16) [GET]
Completed in 2ms (View: 1, DB: 0) | 200 OK [http://localhost/timeline.js]


Processing TimelineController#index to js (for 127.0.0.1 at 2010-07-25 01:42:41) [GET]
Completed in 2ms (View: 1, DB: 0) | 200 OK [http://localhost/timeline.js]


Processing TimelineController#index to js (for 127.0.0.1 at 2010-07-25 01:43:08) [GET]
Completed in 2ms (View: 1, DB: 0) | 200 OK [http://localhost/timeline.js]


Processing TimelineController#index to js (for 127.0.0.1 at 2010-07-25 01:43:59) [GET]
Completed in 3ms (View: 1, DB: 0) | 200 OK [http://localhost/timeline.js]


Processing TimelineController#index to js (for 127.0.0.1 at 2010-07-25 01:44:16) [GET]
Completed in 2ms (View: 1, DB: 0) | 200 OK [http://localhost/timeline.js]


Processing TimelineController#index to js (for 127.0.0.1 at 2010-07-25 01:44:39) [GET]
Completed in 2ms (View: 1, DB: 0) | 200 OK [http://localhost/timeline.js]


Processing TimelineController#index to js (for 127.0.0.1 at 2010-07-25 01:45:27) [GET]
Completed in 13ms (View: 7, DB: 0) | 200 OK [http://localhost/timeline.js]


Processing TimelineController#index to js (for 127.0.0.1 at 2010-07-25 01:45:44) [GET]
Completed in 2ms (View: 1, DB: 0) | 200 OK [http://localhost/timeline.js]


Processing TimelineController#index to js (for 127.0.0.1 at 2010-07-25 01:45:49) [GET]
Completed in 2ms (View: 1, DB: 0) | 200 OK [http://localhost/timeline.js]


Processing TimelineController#index to js (for 127.0.0.1 at 2010-07-25 01:48:38) [GET]
Completed in 2ms (View: 1, DB: 0) | 200 OK [http://localhost/timeline.js]


Processing TimelineController#index to js (for 127.0.0.1 at 2010-07-25 01:48:59) [GET]
Completed in 2ms (View: 1, DB: 0) | 200 OK [http://localhost/timeline.js]


Processing TimelineController#index to js (for 127.0.0.1 at 2010-07-25 01:50:55) [GET]
Completed in 3ms (View: 1, DB: 0) | 200 OK [http://localhost/timeline.js]


Processing TimelineController#index to js (for 127.0.0.1 at 2010-07-25 01:51:25) [GET]
Completed in 2ms (View: 1, DB: 0) | 200 OK [http://localhost/timeline.js]


Processing TimelineController#index to js (for 127.0.0.1 at 2010-07-25 01:53:33) [GET]
Completed in 3ms (View: 1, DB: 0) | 200 OK [http://localhost/timeline.js]


Processing TimelineController#index to js (for 127.0.0.1 at 2010-07-25 01:53:45) [GET]
Completed in 3ms (View: 1, DB: 0) | 200 OK [http://localhost/timeline.js]


Processing TimelineController#index to js (for 127.0.0.1 at 2010-07-25 01:54:26) [GET]
Completed in 2ms (View: 1, DB: 0) | 200 OK [http://localhost/timeline.js]


Processing TimelineController#index to js (for 127.0.0.1 at 2010-07-25 01:58:24) [GET]
Completed in 2ms (View: 1, DB: 0) | 200 OK [http://localhost/timeline.js]


Processing TimelineController#index to js (for 127.0.0.1 at 2010-07-25 01:59:55) [GET]
Completed in 2ms (View: 1, DB: 0) | 200 OK [http://localhost/timeline.js]


Processing TimelineController#index to js (for 127.0.0.1 at 2010-07-25 02:00:01) [GET]
Completed in 3ms (View: 1, DB: 0) | 200 OK [http://localhost/timeline.js]


Processing TimelineController#index to js (for 127.0.0.1 at 2010-07-25 02:00:10) [GET]
Completed in 2ms (View: 1, DB: 0) | 200 OK [http://localhost/timeline.js]


Processing TimelineController#index to js (for 127.0.0.1 at 2010-07-25 02:00:31) [GET]
Completed in 2ms (View: 1, DB: 0) | 200 OK [http://localhost/timeline.js]


Processing TimelineController#index to js (for 127.0.0.1 at 2010-07-25 02:00:40) [GET]
Completed in 2ms (View: 1, DB: 0) | 200 OK [http://localhost/timeline.js]


Processing TimelineController#index to js (for 127.0.0.1 at 2010-07-25 02:02:12) [GET]
Completed in 2ms (View: 1, DB: 0) | 200 OK [http://localhost/timeline.js]


Processing TimelineController#index to js (for 127.0.0.1 at 2010-07-25 02:02:20) [GET]
Completed in 2ms (View: 1, DB: 0) | 200 OK [http://localhost/timeline.js]


Processing TimelineController#index to js (for 127.0.0.1 at 2010-07-25 02:05:36) [GET]
Completed in 2ms (View: 1, DB: 0) | 200 OK [http://localhost/timeline.js]


Processing TimelineController#index to js (for 127.0.0.1 at 2010-07-25 02:05:56) [GET]
Completed in 2ms (View: 1, DB: 0) | 200 OK [http://localhost/timeline.js]


Processing TimelineController#index to js (for 127.0.0.1 at 2010-07-25 02:06:06) [GET]
Completed in 2ms (View: 1, DB: 0) | 200 OK [http://localhost/timeline.js]


Processing TimelineController#index to js (for 127.0.0.1 at 2010-07-25 02:08:00) [GET]
Completed in 2ms (View: 1, DB: 0) | 200 OK [http://localhost/timeline.js]


Processing TimelineController#index to js (for 127.0.0.1 at 2010-07-25 02:08:26) [GET]
Completed in 2ms (View: 1, DB: 0) | 200 OK [http://localhost/timeline.js]


Processing TimelineController#index to js (for 127.0.0.1 at 2010-07-25 02:09:25) [GET]
Completed in 2ms (View: 1, DB: 0) | 200 OK [http://localhost/timeline.js]


Processing TimelineController#index to js (for 127.0.0.1 at 2010-07-25 02:09:55) [GET]
Completed in 2ms (View: 1, DB: 0) | 200 OK [http://localhost/timeline.js]


Processing TimelineController#index to js (for 127.0.0.1 at 2010-07-25 02:12:46) [GET]
Completed in 2ms (View: 1, DB: 0) | 200 OK [http://localhost/timeline.js]


Processing TimelineController#index to js (for 127.0.0.1 at 2010-07-25 02:13:25) [GET]
Completed in 2ms (View: 1, DB: 0) | 200 OK [http://localhost/timeline.js]


Processing TimelineController#index to js (for 127.0.0.1 at 2010-07-25 02:13:58) [GET]
Completed in 2ms (View: 1, DB: 0) | 200 OK [http://localhost/timeline.js]


Processing TimelineController#index to js (for 127.0.0.1 at 2010-07-25 02:14:51) [GET]
Completed in 2ms (View: 1, DB: 0) | 200 OK [http://localhost/timeline.js]


Processing TimelineController#index to js (for 127.0.0.1 at 2010-07-25 02:16:29) [GET]
Completed in 2ms (View: 1, DB: 0) | 200 OK [http://localhost/timeline.js]


Processing TimelineController#index to js (for 127.0.0.1 at 2010-07-25 02:16:54) [GET]
Completed in 2ms (View: 1, DB: 0) | 200 OK [http://localhost/timeline.js]


Processing TimelineController#index to js (for 127.0.0.1 at 2010-07-25 02:17:08) [GET]
Completed in 2ms (View: 1, DB: 0) | 200 OK [http://localhost/timeline.js]


Processing TimelineController#index to js (for 127.0.0.1 at 2010-07-25 02:17:32) [GET]
Completed in 3ms (View: 1, DB: 0) | 200 OK [http://localhost/timeline.js]


Processing TimelineController#index to js (for 127.0.0.1 at 2010-07-25 02:17:47) [GET]
Completed in 90ms (View: 1, DB: 0) | 200 OK [http://localhost/timeline.js]


Processing TimelineController#index to js (for 127.0.0.1 at 2010-07-25 02:17:59) [GET]
Completed in 2ms (View: 1, DB: 0) | 200 OK [http://localhost/timeline.js]


Processing TimelineController#index to js (for 127.0.0.1 at 2010-07-25 02:19:21) [GET]
Completed in 2ms (View: 1, DB: 0) | 200 OK [http://localhost/timeline.js]


Processing TimelineController#index to js (for 127.0.0.1 at 2010-07-25 02:19:59) [GET]
Completed in 3ms (View: 1, DB: 0) | 200 OK [http://localhost/timeline.js]


Processing TimelineController#index to js (for 127.0.0.1 at 2010-07-25 02:20:32) [GET]
Completed in 2ms (View: 0, DB: 0) | 200 OK [http://localhost/timeline.js]


Processing TimelineController#index to js (for 127.0.0.1 at 2010-07-25 02:20:55) [GET]
Completed in 2ms (View: 1, DB: 0) | 200 OK [http://localhost/timeline.js]


Processing TimelineController#index to js (for 127.0.0.1 at 2010-07-25 02:21:28) [GET]
Completed in 2ms (View: 0, DB: 0) | 200 OK [http://localhost/timeline.js]


Processing TimelineController#index to js (for 127.0.0.1 at 2010-07-25 02:22:13) [GET]
Completed in 2ms (View: 1, DB: 0) | 200 OK [http://localhost/timeline.js]
